<?xml version="1.0" encoding="UTF-8"?>
<testng-results skipped="0" failed="0" total="2" passed="2">
  <reporter-output>
  </reporter-output>
  <suite name="example suite 1" duration-ms="28" started-at="2017-07-24T19:32:58Z" finished-at="2017-07-24T19:32:58Z">
    <groups>
      <group name="Regression">
        <method signature="AppTest.validAuthenticationTest()[pri:0, instance:com.AppTest@357246de]" name="validAuthenticationTest" class="com.AppTest"/>
      </group> <!-- Regression -->
      <group name="Sniff">
        <method signature="AppTest.newUserAuthenticationTest(java.lang.String)[pri:0, instance:com.AppTest@357246de]" name="newUserAuthenticationTest" class="com.AppTest"/>
        <method signature="AppTest.validAuthenticationTest()[pri:0, instance:com.AppTest@357246de]" name="validAuthenticationTest" class="com.AppTest"/>
      </group> <!-- Sniff -->
    </groups>
    <test name="Regression suite 1" duration-ms="28" started-at="2017-07-24T19:32:58Z" finished-at="2017-07-24T19:32:58Z">
      <class name="com.AppTest">
        <test-method status="PASS" signature="newUserAuthenticationTest(java.lang.String)[pri:0, instance:com.AppTest@357246de]" name="newUserAuthenticationTest" duration-ms="10" started-at="2017-07-25T01:02:58Z" finished-at="2017-07-25T01:02:58Z">
          <params>
            <param index="0">
              <value>
                <![CDATA[UAT]]>
              </value>
            </param>
          </params>
          <reporter-output>
          </reporter-output>
        </test-method> <!-- newUserAuthenticationTest -->
        <test-method status="PASS" signature="validAuthenticationTest()[pri:0, instance:com.AppTest@357246de]" name="validAuthenticationTest" duration-ms="1" started-at="2017-07-25T01:02:58Z" finished-at="2017-07-25T01:02:58Z">
          <reporter-output>
          </reporter-output>
        </test-method> <!-- validAuthenticationTest -->
      </class> <!-- com.AppTest -->
    </test> <!-- Regression suite 1 -->
  </suite> <!-- example suite 1 -->
</testng-results>
