<?xml version="1.0" encoding="UTF-8"?>
<testng-results skipped="0" failed="0" total="2" passed="2">
  <reporter-output>
  </reporter-output>
  <suite name="example suite 1" duration-ms="52" started-at="2017-07-24T19:13:35Z" finished-at="2017-07-24T19:13:35Z">
    <groups>
    </groups>
    <test name="Regression suite 1" duration-ms="52" started-at="2017-07-24T19:13:35Z" finished-at="2017-07-24T19:13:35Z">
      <class name="com.AppTest">
        <test-method status="PASS" signature="aaa()[pri:0, instance:com.AppTest@52af6cff]" name="aaa" duration-ms="20" started-at="2017-07-25T00:43:35Z" finished-at="2017-07-25T00:43:35Z">
          <reporter-output>
          </reporter-output>
        </test-method> <!-- aaa -->
        <test-method status="PASS" signature="bbb()[pri:0, instance:com.AppTest@52af6cff]" name="bbb" duration-ms="3" started-at="2017-07-25T00:43:35Z" finished-at="2017-07-25T00:43:35Z">
          <reporter-output>
          </reporter-output>
        </test-method> <!-- bbb -->
      </class> <!-- com.AppTest -->
    </test> <!-- Regression suite 1 -->
  </suite> <!-- example suite 1 -->
</testng-results>
